<?xml version="1.0" encoding="UTF-8"?>
<<<<<<< HEAD
<testsuite name="com.bridgelabz.findmaximumtest.FindMaxTest" tests="1" skipped="0" failures="0" errors="0" timestamp="2021-03-30T17:53:35" hostname="DESKTOP-0QBG6NF" time="0.035">
  <properties/>
  <testcase name="givenFirstNumberAsLarge_ShouldReturn_FirstNumberAsMax()" classname="com.bridgelabz.findmaximumtest.FindMaxTest" time="0.035"/>
  <system-out><![CDATA[Maximum number is  = 300
=======
<testsuite name="com.bridgelabz.findmaximumtest.FindMaxTest" tests="1" skipped="0" failures="0" errors="0" timestamp="2021-03-30T18:36:15" hostname="DESKTOP-0QBG6NF" time="0.057">
  <properties/>
  <testcase name="givenThirdNumberAsMaximum_ShouldReturnThirdNumberAsMaximum()" classname="com.bridgelabz.findmaximumtest.FindMaxTest" time="0.057"/>
  <system-out><![CDATA[Maximum number is  = 100
>>>>>>> UC1_FindMaximufROM_3Integer
]]></system-out>
  <system-err><![CDATA[]]></system-err>
</testsuite>
