<?xml version="1.0" encoding="UTF-8"?>
<testsuite name="com.bridgelabz.findmaximumtest.FindMaxTest" tests="1" skipped="0" failures="0" errors="0" timestamp="2021-03-27T17:46:05" hostname="DESKTOP-0QBG6NF" time="0.049">
  <properties/>
  <testcase name="givenThirdNumberAsMaximum_ShouldReturnThirdNumberAsMaximum()" classname="com.bridgelabz.findmaximumtest.FindMaxTest" time="0.049"/>
  <system-out><![CDATA[Maximum is  = 90
]]></system-out>
  <system-err><![CDATA[]]></system-err>
</testsuite>
