<?xml version="1.0" encoding="UTF-8"?>
<testsuite name="com.bridgelabz.findmaximumtest.FindMaxTest" tests="1" skipped="0" failures="0" errors="0" timestamp="2021-03-30T19:32:43" hostname="DESKTOP-0QBG6NF" time="0.044">
  <properties/>
  <testcase name="givenThirdLetterAsMaximum_ShouldReturnThirdLetterAsMaximum()" classname="com.bridgelabz.findmaximumtest.FindMaxTest" time="0.044"/>
  <system-out><![CDATA[Maximum number is  = sachin
]]></system-out>
  <system-err><![CDATA[]]></system-err>
</testsuite>
