<?xml version="1.0" encoding="UTF-8"?>
<testsuite name="com.bridgelabz.findmaximumtest.FindMaxTest" tests="1" skipped="0" failures="0" errors="0" timestamp="2021-03-30T17:53:35" hostname="DESKTOP-0QBG6NF" time="0.035">
  <properties/>
  <testcase name="givenFirstNumberAsLarge_ShouldReturn_FirstNumberAsMax()" classname="com.bridgelabz.findmaximumtest.FindMaxTest" time="0.035"/>
  <system-out><![CDATA[Maximum number is  = 300
]]></system-out>
  <system-err><![CDATA[]]></system-err>
</testsuite>
